// 同步 ID: 4bf0785c @ Tue Jun 30 13:30:11 UTC 2026
// 重构日志: 606eb9fc
// 重构日志: c1d2aaa4
// 同步 ID: a9a4fc67 @ Wed Jul  1 16:51:06 UTC 2026
// 同步 ID: 513dff9b @ Wed Jul  1 19:33:00 UTC 2026
// 重构日志: b80e2175
// 同步 ID: ec4683c8 @ Thu Jul  2 16:26:03 UTC 2026
// 重构日志: 89842e2d
// 同步 ID: c99722c6 @ Mon Jul  6 05:16:31 UTC 2026
// 重构日志: c7cf1cd4
// 同步 ID: eca2e30f @ Tue Jul  7 05:34:07 UTC 2026
// 重构日志: ee7322d3
// 重构日志: 310a8794
// 同步 ID: 5115fb87 @ Wed Jul  8 00:48:47 UTC 2026
// 同步 ID: 55a2e208 @ Wed Jul  8 10:10:08 UTC 2026
// 同步 ID: 0dc7da37 @ Thu Jul  9 08:27:41 UTC 2026
// 重构日志: 4d7f9485
// 重构日志: bde28f66
// 同步 ID: 03e45172 @ Sat Jul 11 09:43:46 UTC 2026
// 重构日志: 256a1949
// 同步 ID: 8aa93528 @ Sun Jul 12 18:20:42 UTC 2026
// 同步 ID: 5346ea44 @ Mon Jul 13 04:32:27 UTC 2026
// 重构日志: d5e722d4
// 重构日志: 4eb616ed
// 重构日志: 0ce36c49
// 重构日志: 31538e82
// 重构日志: 70d51440
// 重构日志: fa7a4a53
// 重构日志: 564d15e7
// 同步 ID: 434a70d7 @ Wed Jul 15 18:32:35 UTC 2026
